featureflavors/gdpr/build/intermediates/manifest_merge_blame_file/release/manifest-merger-blame-release-report.txt
1<?xml version="1.0" encoding="utf-8"?>
2<!--
3  ~ Copyright 2018 Google LLC.
4  ~
5  ~ Licensed under the Apache License, Version 2.0 (the "License");
6  ~ you may not use this file except in compliance with the License.
7  ~ You may obtain a copy of the License at
8  ~
9  ~    http://www.apache.org/licenses/LICENSE-2.0
10  ~
11  ~ Unless required by applicable law or agreed to in writing, software
12  ~ distributed under the License is distributed on an "AS IS" BASIS,
13  ~ WITHOUT WARRANTIES OR CONDITIONS OF ANY KIND, either express or implied.
14  ~ See the License for the specific language governing permissions and
15  ~ limitations under the License.
16-->
17<!-- This feature module only contains a single assets file relevant to the Android app. -->
18<manifest xmlns:android="http://schemas.android.com/apk/res/android"
19    xmlns:dist="http://schemas.android.com/apk/distribution"
20    featureSplit="gdpr"
21    package="com.jacky.android.app_aab"
22    android:versionCode="1"
23    android:versionName="1.0" >
24
25    <uses-sdk
26        android:minSdkVersion="14"
26-->src/main/AndroidManifest.xml
27        android:targetSdkVersion="28" />
27-->src/main/AndroidManifest.xml
28
29    <dist:module
29-->src/main/AndroidManifest.xml:22:5-26:19
30        dist:onDemand="true"
30-->src/main/AndroidManifest.xml:23:9-29
31        dist:title="@string/dfm_gdpr" >
31-->src/main/AndroidManifest.xml:24:9-38
32        <dist:fusing dist:include="false" />
32-->src/main/AndroidManifest.xml:25:9-45
32-->src/main/AndroidManifest.xml:25:22-42
33    </dist:module>
34
35    <!--
36    如果您的应用以 Android 11（API 级别 30）或更高版本为目标平台，
37    并且需要与应用（自动可见的应用除外）交互，请在您应用的清单文件中添加 <queries> 元素。
38    在 <queries> 元素中，按软件包名称、按 intent 签名或按提供程序授权指定其他应用
39    -->
40    <queries>
40-->src/main/AndroidManifest.xml:40:5-44:15
41        <package android:name="com.jacky.gdpr.cast" />
41-->src/main/AndroidManifest.xml:41:9-55
41-->src/main/AndroidManifest.xml:41:18-52
42        <package android:name="com.jacky.gdpr.pmres" />
42-->src/main/AndroidManifest.xml:41:9-55
42-->src/main/AndroidManifest.xml:41:18-52
43        <package android:name="com.jacky.test" />
43-->src/main/AndroidManifest.xml:41:9-55
43-->src/main/AndroidManifest.xml:41:18-52
44    </queries>
45
46    <application android:hasCode="false" >
46-->src/main/AndroidManifest.xml:28:5-35:19
46-->src/main/AndroidManifest.xml:28:18-41
47        <meta-data
47-->src/main/AndroidManifest.xml:29:9-31:47
48            android:name="app_key"
48-->src/main/AndroidManifest.xml:30:13-35
49            android:value="@string/app_key" />
49-->src/main/AndroidManifest.xml:31:13-44
50        <meta-data
50-->src/main/AndroidManifest.xml:32:9-34:51
51            android:name="android.app.shortcuts"
51-->src/main/AndroidManifest.xml:33:13-49
52            android:value="@xml/shortcuts_gdpr" />
52-->src/main/AndroidManifest.xml:34:13-48
53    </application>
54
55</manifest>